Base path: F:/RealityBeast/setup/studios/unity/unity2017/Editor/Data
Cmd: initializeCompiler
Cmd: compileComputeKernel
  api=4 insize=19243 outsize=313 ok=1
Cmd: compileComputeKernel
  api=4 insize=19450 outsize=865 ok=1
Cmd: compileComputeKernel
  api=4 insize=19466 outsize=293 ok=1
Cmd: compileComputeKernel
  api=4 insize=19528 outsize=4693 ok=1
Cmd: compileComputeKernel
  api=4 insize=19930 outsize=313 ok=1
Cmd: compileComputeKernel
  api=4 insize=19930 outsize=313 ok=1
Cmd: compileComputeKernel
  api=4 insize=20206 outsize=3561 ok=1
Cmd: compileComputeKernel
  api=4 insize=17959 outsize=12109 ok=1
Cmd: compileComputeKernel
  api=4 insize=18238 outsize=11901 ok=1
Cmd: compileComputeKernel
  api=4 insize=18405 outsize=11461 ok=1
Cmd: compileComputeKernel
  api=4 insize=20232 outsize=293 ok=1
Cmd: compileComputeKernel
  api=4 insize=19113 outsize=11661 ok=1
Cmd: compileComputeKernel
  api=4 insize=19115 outsize=11665 ok=1
Cmd: compileComputeKernel
  error: 1 plat 4 at AK_textureCube.compute(90): integer divides may be much slower, try using uints if possible.
  error: 1 plat 4 at AK_textureCube.compute(91): integer divides may be much slower, try using uints if possible.
  api=4 insize=11160 outsize=2669 ok=1
Cmd: compileComputeKernel
  api=4 insize=19172 outsize=12325 ok=1
