Base path: F:/RealityBeast/setup/studios/unity/unity2017/Editor/Data
Cmd: initializeCompiler
Cmd: compileComputeKernel
  error: 1 plat 4 at ICP.compute(46): signed/unsigned mismatch, unsigned assumed
  api=4 insize=2242 outsize=725 ok=1
Cmd: compileComputeKernel
  api=4 insize=27001 outsize=11605 ok=1
Cmd: compileComputeKernel
  api=4 insize=19335 outsize=865 ok=1
Cmd: compileComputeKernel
  api=4 insize=19450 outsize=865 ok=1
Cmd: compileComputeKernel
  api=4 insize=19466 outsize=865 ok=1
Cmd: compileComputeKernel
  api=4 insize=19530 outsize=313 ok=1
Cmd: compileComputeKernel
  api=4 insize=19527 outsize=293 ok=1
Cmd: compileComputeKernel
  api=4 insize=18312 outsize=293 ok=1
Cmd: compileComputeKernel
  api=4 insize=19930 outsize=293 ok=1
Cmd: compileComputeKernel
  api=4 insize=19930 outsize=4781 ok=1
Cmd: compileComputeKernel
  api=4 insize=19930 outsize=293 ok=1
Cmd: compileComputeKernel
  api=4 insize=19930 outsize=293 ok=1
Cmd: compileComputeKernel
  api=4 insize=17981 outsize=12009 ok=1
Cmd: compileComputeKernel
  api=4 insize=18147 outsize=12137 ok=1
Cmd: compileComputeKernel
  api=4 insize=20229 outsize=4693 ok=1
Cmd: compileComputeKernel
  api=4 insize=19133 outsize=4413 ok=1
Cmd: compileComputeKernel
  api=4 insize=19119 outsize=11913 ok=1
Cmd: compileComputeKernel
  api=4 insize=19125 outsize=12157 ok=1
Cmd: compileComputeKernel
  api=4 insize=11160 outsize=573 ok=1
Cmd: compileComputeKernel
  api=4 insize=19120 outsize=12021 ok=1
Cmd: compileComputeKernel
  error: 2 plat 4 at AK_marchUV.compute(540): undeclared identifier 'finity'
  api=4 insize=19843 outsize=0 ok=0
