Base path: F:/RealityBeast/setup/studios/unity/unity2017/Editor/Data
Cmd: initializeCompiler
Cmd: compileComputeKernel
  api=4 insize=19262 outsize=293 ok=1
Cmd: compileComputeKernel
  api=4 insize=19334 outsize=2129 ok=1
Cmd: compileComputeKernel
  api=4 insize=19314 outsize=293 ok=1
Cmd: compileComputeKernel
  error: 2 plat 4 at AK_voxel.compute(299): undeclared identifier 'depth_width'
  api=4 insize=19414 outsize=0 ok=0
Cmd: compileComputeKernel
  api=4 insize=19450 outsize=293 ok=1
Cmd: compileComputeKernel
  api=4 insize=19526 outsize=3561 ok=1
Cmd: compileComputeKernel
  api=4 insize=19930 outsize=293 ok=1
Cmd: compileComputeKernel
  api=4 insize=18146 outsize=12137 ok=1
Cmd: compileComputeKernel
  api=4 insize=19012 outsize=11685 ok=1
Cmd: compileComputeKernel
  api=4 insize=19134 outsize=4413 ok=1
Cmd: compileComputeKernel
  api=4 insize=11160 outsize=761 ok=1
