Base path: F:/RealityBeast/setup/studios/unity/unity2017/Editor/Data
Cmd: initializeCompiler
Cmd: compileComputeKernel
  api=4 insize=17630 outsize=1777 ok=1
Cmd: compileComputeKernel
  api=4 insize=19312 outsize=313 ok=1
Cmd: compileComputeKernel
  error: 2 plat 4 at AK_voxel.compute(299): undeclared identifier 'depth_width'
  api=4 insize=19412 outsize=0 ok=0
Cmd: compileComputeKernel
  api=4 insize=19452 outsize=313 ok=1
Cmd: compileComputeKernel
  api=4 insize=19470 outsize=865 ok=1
Cmd: compileComputeKernel
  api=4 insize=19532 outsize=293 ok=1
Cmd: compileComputeKernel
  api=4 insize=19542 outsize=293 ok=1
Cmd: compileComputeKernel
  api=4 insize=19544 outsize=4725 ok=1
Cmd: compileComputeKernel
  api=4 insize=18265 outsize=4025 ok=1
Cmd: compileComputeKernel
  api=4 insize=18398 outsize=4025 ok=1
Cmd: compileComputeKernel
  api=4 insize=19007 outsize=4253 ok=1
Cmd: compileComputeKernel
  api=4 insize=19019 outsize=11665 ok=1
Cmd: compileComputeKernel
  api=4 insize=19137 outsize=4413 ok=1
