Base path: F:/RealityBeast/setup/studios/unity/unity2017/Editor/Data
Cmd: initializeCompiler
Cmd: compileComputeKernel
  api=4 insize=19243 outsize=3561 ok=1
Cmd: compileComputeKernel
  api=4 insize=19312 outsize=3561 ok=1
Cmd: compileComputeKernel
  error: 2 plat 4 at AK_voxel.compute(299): undeclared identifier 'depth_width'
  api=4 insize=19414 outsize=0 ok=0
Cmd: compileComputeKernel
  api=4 insize=19452 outsize=3561 ok=1
Cmd: compileComputeKernel
  api=4 insize=19470 outsize=2189 ok=1
Cmd: compileComputeKernel
  api=4 insize=19530 outsize=293 ok=1
Cmd: compileComputeKernel
  api=4 insize=19526 outsize=293 ok=1
Cmd: compileComputeKernel
  api=4 insize=19544 outsize=3561 ok=1
Cmd: compileComputeKernel
  api=4 insize=18310 outsize=3917 ok=1
Cmd: compileComputeKernel
  api=4 insize=19930 outsize=293 ok=1
Cmd: compileComputeKernel
  api=4 insize=19930 outsize=293 ok=1
Cmd: compileComputeKernel
  api=4 insize=19930 outsize=3561 ok=1
Cmd: compileComputeKernel
  api=4 insize=19930 outsize=293 ok=1
Cmd: compileComputeKernel
  api=4 insize=17957 outsize=4181 ok=1
Cmd: compileComputeKernel
  api=4 insize=17967 outsize=11973 ok=1
Cmd: compileComputeKernel
  api=4 insize=17982 outsize=12021 ok=1
Cmd: compileComputeKernel
  api=4 insize=18399 outsize=4025 ok=1
Cmd: compileComputeKernel
  api=4 insize=18395 outsize=4253 ok=1
Cmd: compileComputeKernel
  api=4 insize=20230 outsize=293 ok=1
Cmd: compileComputeKernel
  api=4 insize=19136 outsize=4413 ok=1
Cmd: compileComputeKernel
  api=4 insize=19135 outsize=4413 ok=1
Cmd: compileComputeKernel
  api=4 insize=19134 outsize=4413 ok=1
Cmd: compileComputeKernel
  api=4 insize=11160 outsize=605 ok=1
Cmd: compileComputeKernel
  api=4 insize=19120 outsize=12021 ok=1
Cmd: compileComputeKernel
  api=4 insize=18845 outsize=12145 ok=1
Cmd: compileComputeKernel
  api=4 insize=19332 outsize=4293 ok=1
Cmd: compileComputeKernel
  api=4 insize=20374 outsize=12653 ok=1
