Base path: F:/RealityBeast/setup/studios/unity/unity2017/Editor/Data
Cmd: initializeCompiler
Cmd: compileComputeKernel
  api=4 insize=19202 outsize=3561 ok=1
Cmd: compileComputeKernel
  api=4 insize=19312 outsize=865 ok=1
Cmd: compileComputeKernel
  error: 2 plat 4 at AK_voxel.compute(299): undeclared identifier 'depth_width'
  api=4 insize=19410 outsize=0 ok=0
Cmd: compileComputeKernel
  error: 2 plat 4 at AK_voxel.compute(299): undeclared identifier 'depth_width'
  api=4 insize=19412 outsize=0 ok=0
Cmd: compileComputeKernel
  api=4 insize=19448 outsize=3561 ok=1
Cmd: compileComputeKernel
  api=4 insize=19452 outsize=865 ok=1
Cmd: compileComputeKernel
  api=4 insize=19450 outsize=2189 ok=1
Cmd: compileComputeKernel
  api=4 insize=19905 outsize=865 ok=1
Cmd: compileComputeKernel
  api=4 insize=19930 outsize=293 ok=1
Cmd: compileComputeKernel
  api=4 insize=20206 outsize=313 ok=1
Cmd: compileComputeKernel
  api=4 insize=17941 outsize=4141 ok=1
Cmd: compileComputeKernel
  api=4 insize=17948 outsize=4141 ok=1
Cmd: compileComputeKernel
  api=4 insize=20229 outsize=293 ok=1
Cmd: compileComputeKernel
  api=4 insize=19012 outsize=11685 ok=1
Cmd: compileComputeKernel
  api=4 insize=19134 outsize=4413 ok=1
Cmd: compileComputeKernel
  api=4 insize=11160 outsize=589 ok=1
Cmd: compileComputeKernel
  api=4 insize=19332 outsize=4293 ok=1
Cmd: compileComputeKernel
  api=4 insize=19843 outsize=13081 ok=1
