Base path: F:/RealityBeast/setup/studios/unity/unity2017/Editor/Data
Cmd: initializeCompiler
Cmd: compileComputeKernel
  api=4 insize=19262 outsize=293 ok=1
Cmd: compileComputeKernel
  api=4 insize=19312 outsize=293 ok=1
Cmd: compileComputeKernel
  api=4 insize=19528 outsize=313 ok=1
Cmd: compileComputeKernel
  api=4 insize=19930 outsize=293 ok=1
Cmd: compileComputeKernel
  api=4 insize=19930 outsize=4781 ok=1
Cmd: compileComputeKernel
  api=4 insize=19930 outsize=3561 ok=1
Cmd: compileComputeKernel
  api=4 insize=20206 outsize=293 ok=1
Cmd: compileComputeKernel
  api=4 insize=18413 outsize=10805 ok=1
Cmd: compileComputeKernel
  api=4 insize=20229 outsize=313 ok=1
Cmd: compileComputeKernel
  api=4 insize=20229 outsize=3561 ok=1
Cmd: compileComputeKernel
  api=4 insize=20229 outsize=293 ok=1
Cmd: compileComputeKernel
  api=4 insize=19017 outsize=11697 ok=1
Cmd: compileComputeKernel
  api=4 insize=19135 outsize=4413 ok=1
Cmd: compileComputeKernel
  api=4 insize=19134 outsize=4413 ok=1
Cmd: compileComputeKernel
  error: 2 plat 4 at AK_marchUV.compute(550): undeclared identifier 'affinty'
  api=4 insize=19331 outsize=0 ok=0
Cmd: compileComputeKernel
  api=4 insize=19332 outsize=4293 ok=1
Cmd: compileComputeKernel
  error: 2 plat 4 at AK_marchUV.compute(541): undeclared identifier 'normal'
  api=4 insize=19837 outsize=0 ok=0
