Base path: C:/Program Files/Unity/Editor/Data
Cmd: initializeCompiler
Cmd: compileComputeKernel
  error: 1 plat 4 at AK_radiusFeatureDetector.compute(57): integer divides may be much slower, try using uints if possible.
  error: 1 plat 4 at AK_radiusFeatureDetector.compute(58): integer divides may be much slower, try using uints if possible.
  api=4 insize=3807 outsize=1617 ok=1
Cmd: compileComputeKernel
  error: 1 plat 4 at AK_radiusFeatureDetector.compute(57): integer divides may be much slower, try using uints if possible.
  error: 1 plat 4 at AK_radiusFeatureDetector.compute(58): integer divides may be much slower, try using uints if possible.
  api=4 insize=3783 outsize=2213 ok=1
Cmd: compileComputeKernel
  error: 1 plat 4 at AK_radiusFeatureDetector.compute(121): integer divides may be much slower, try using uints if possible.
  error: 1 plat 4 at AK_radiusFeatureDetector.compute(122): integer divides may be much slower, try using uints if possible.
  api=4 insize=5236 outsize=2301 ok=1
Cmd: compileComputeKernel
  error: 1 plat 4 at AK_radiusFeatureDetector.compute(125): integer divides may be much slower, try using uints if possible.
  error: 1 plat 4 at AK_radiusFeatureDetector.compute(126): integer divides may be much slower, try using uints if possible.
  api=4 insize=5330 outsize=2301 ok=1
Cmd: compileComputeKernel
  api=4 insize=7516 outsize=1865 ok=1
Cmd: compileComputeKernel
  api=4 insize=7900 outsize=1917 ok=1
Cmd: compileComputeKernel
  error: 1 plat 4 at AK_radiusFeatureDetector.compute(277): integer divides may be much slower, try using uints if possible.
  error: 1 plat 4 at AK_radiusFeatureDetector.compute(278): integer divides may be much slower, try using uints if possible.
  api=4 insize=8954 outsize=2301 ok=1
Cmd: compileComputeKernel
  api=4 insize=8957 outsize=1149 ok=1
Cmd: compileComputeKernel
  api=4 insize=8955 outsize=1293 ok=1
